0 info it worked if it ends with ok
1 verbose cli [ '/data1/spring/tools/node-v4.4.6-linux-x64/bin/node',
1 verbose cli   '/data1/spring/tools/node-v4.4.6-linux-x64/bin/npm',
1 verbose cli   'start' ]
2 info using npm@2.15.5
3 info using node@v4.4.6
4 verbose stack Error: Failed to parse json
4 verbose stack Unexpected token 'r' at 19:6
4 verbose stack     "react": "^15.0.0-rc.2",
4 verbose stack      ^
4 verbose stack     at parseError (/data1/spring/tools/node-v4.4.6-linux-x64/lib/node_modules/npm/node_modules/read-package-json/read-json.js:390:11)
4 verbose stack     at parseJson (/data1/spring/tools/node-v4.4.6-linux-x64/lib/node_modules/npm/node_modules/read-package-json/read-json.js:79:23)
4 verbose stack     at /data1/spring/tools/node-v4.4.6-linux-x64/lib/node_modules/npm/node_modules/read-package-json/read-json.js:48:5
4 verbose stack     at /data1/spring/tools/node-v4.4.6-linux-x64/lib/node_modules/npm/node_modules/graceful-fs/graceful-fs.js:78:16
4 verbose stack     at FSReqWrap.readFileAfterClose [as oncomplete] (fs.js:380:3)
5 verbose cwd /data1/git_repo/react-redux/todos
6 error Linux 2.6.39-400.17.1.el6uek.x86_64
7 error argv "/data1/spring/tools/node-v4.4.6-linux-x64/bin/node" "/data1/spring/tools/node-v4.4.6-linux-x64/bin/npm" "start"
8 error node v4.4.6
9 error npm  v2.15.5
10 error file /data1/git_repo/react-redux/todos/package.json
11 error code EJSONPARSE
12 error Failed to parse json
12 error Unexpected token 'r' at 19:6
12 error     "react": "^15.0.0-rc.2",
12 error      ^
13 error File: /data1/git_repo/react-redux/todos/package.json
14 error Failed to parse package.json data.
14 error package.json must be actual JSON, not just JavaScript.
14 error
14 error This is not a bug in npm.
14 error Tell the package author to fix their package.json file. JSON.parse
15 verbose exit [ 1, true ]
